a:4:{s:9:"signature";s:40:"7dd0d6c36292d7ad0e5911e41ff4436f54ecf430";s:7:"echostr";s:20:"10075402976007486454";s:9:"timestamp";s:10:"1503062612";s:5:"nonce";s:10:"3748735904";}<xml><ToUserName><![CDATA[gh_281c88a5782e]]></ToUserName>
<FromUserName><![CDATA[ony1D1HXK1wkrlS7MRCoUAXV4vuQ]]></FromUserName>
<CreateTime>1503063585</CreateTime>
<MsgType><![CDATA[text]]></MsgType>
<Content><![CDATA[嗨]]></Content>
<MsgId>6455608941801070406</MsgId>
</xml>

<xml><ToUserName><![CDATA[gh_281c88a5782e]]></ToUserName>
<FromUserName><![CDATA[ony1D1HXK1wkrlS7MRCoUAXV4vuQ]]></FromUserName>
<CreateTime>1503063606</CreateTime>
<MsgType><![CDATA[text]]></MsgType>
<Content><![CDATA[你好]]></Content>
<MsgId>6455609031995383632</MsgId>
</xml>



哈哈

哈哈

哈哈

慧

a:4:{s:9:"signature";s:40:"b12595cae28ef7b6fecadad4a273be22f662d7a3";s:7:"echostr";s:20:"10751751273762519193";s:9:"timestamp";s:10:"1503066249";s:5:"nonce";s:10:"3149720510";}post数据为空8
a:4:{s:9:"signature";s:40:"96629ff699873ff03e4d468285b3cf47259d5ad7";s:7:"echostr";s:20:"12323014687152142846";s:9:"timestamp";s:10:"1503066296";s:5:"nonce";s:10:"3517804645";}a:4:{s:9:"signature";s:40:"7f34b3f1f4a1eae3a29e45c0fa6d3f1909fa7108";s:7:"echostr";s:20:"16743477474389130035";s:9:"timestamp";s:10:"1503066386";s:5:"nonce";s:10:"3826827359";}post数据为空8


哈哈

哈哈

你好

a:4:{s:9:"signature";s:40:"efe325d4e3ceb39e11a570db05ad3000c7d949ed";s:7:"echostr";s:19:"1842940230137543655";s:9:"timestamp";s:10:"1503067015";s:5:"nonce";s:9:"926593669";}哈哈

哈哈


哈哈

知乎日报

知乎日报

18503538642

知乎日报

知乎日报

哈哈

哈哈

知乎日报

知乎日报

知乎日报

知乎日报

知乎日报

post数据为空8
post数据为空8
知乎日报

知乎日报

哈哈哈

知乎日报

知乎日报

哈哈

哈哈

 

/:B-)

你好

a:4:{s:9:"signature";s:40:"1fdae644598469df622e026ad5b3bb9c4d99765e";s:7:"echostr";s:20:"14480557773415730686";s:9:"timestamp";s:10:"1503071404";s:5:"nonce";s:9:"798555109";}a:4:{s:9:"signature";s:40:"29db80f9fdf31c2e2f1f4c09f26635182b221893";s:7:"echostr";s:20:"12555228287822429691";s:9:"timestamp";s:10:"1503071417";s:5:"nonce";s:10:"1334196295";}a:4:{s:9:"signature";s:40:"3d6b07d1fa06084939654c073e0921a69dea0906";s:7:"echostr";s:19:"7966852495831412223";s:9:"timestamp";s:10:"1503071420";s:5:"nonce";s:9:"693621047";}a:4:{s:9:"signature";s:40:"f2e310ddfc8ab0ccd430bb525361103790343569";s:7:"echostr";s:20:"11659749209826372827";s:9:"timestamp";s:10:"1503071427";s:5:"nonce";s:10:"3378262438";}a:4:{s:9:"signature";s:40:"619e6311864afac9d8cfcae3793a10ee96707d35";s:7:"echostr";s:20:"13535697251417440215";s:9:"timestamp";s:10:"1503071430";s:5:"nonce";s:10:"4241527761";}a:4:{s:9:"signature";s:40:"cc22ccb326d363d120710d880e4bef9ecaf58e4f";s:7:"echostr";s:19:"7922210276548001229";s:9:"timestamp";s:10:"1503071437";s:5:"nonce";s:10:"3406097042";}a:4:{s:9:"signature";s:40:"c60c128e1b9900ce9b9c51913139df1dec0773f1";s:7:"echostr";s:18:"591723100554907631";s:9:"timestamp";s:10:"1503071468";s:5:"nonce";s:10:"2908876247";} 你好

你家

你好

你好

a:4:{s:9:"signature";s:40:"8e2714d53b8a7dae0a7e639497c749a5e8278bcd";s:7:"echostr";s:20:"15751568588417748636";s:9:"timestamp";s:10:"1503071768";s:5:"nonce";s:10:"2353138616";}你好

哈哈

哈哈

post数据为空8
知乎日报

知乎日报

知乎日报

知乎日报

a:4:{s:9:"signature";s:40:"dcdb454fb8144c856906fe43857b0d8c978f228a";s:7:"echostr";s:20:"13672406494771926959";s:9:"timestamp";s:10:"1503106830";s:5:"nonce";s:10:"2880340761";}a:4:{s:9:"signature";s:40:"c39d2661d2d2025a31284e3e125b42acab980b2a";s:7:"echostr";s:19:"6667045518538422267";s:9:"timestamp";s:10:"1503106931";s:5:"nonce";s:10:"2805017124";}知乎日报

a:4:{s:9:"signature";s:40:"6a547a960343d80a7f520450eeebb1bed3396ec9";s:7:"echostr";s:20:"15676821646851178455";s:9:"timestamp";s:10:"1503106965";s:5:"nonce";s:10:"3827930867";}a:4:{s:9:"signature";s:40:"624f2fe21e8d376a4468926f5030032f49dcb41a";s:7:"echostr";s:19:"2624563907850647662";s:9:"timestamp";s:10:"1503107116";s:5:"nonce";s:10:"1879698430";}a:4:{s:9:"signature";s:40:"dc06575e5df1b8bca2491afe8b2764d896a2de18";s:7:"echostr";s:19:"3283859022382874303";s:9:"timestamp";s:10:"1503107135";s:5:"nonce";s:8:"65011651";}知乎日报

知乎日报

哈哈

哈哈

你好

哈哈

哈哈

a:4:{s:9:"signature";s:40:"458366499317b901813a1898cca976981c35494c";s:7:"echostr";s:20:"10228356813315618303";s:9:"timestamp";s:10:"1503109183";s:5:"nonce";s:9:"450683467";}a:4:{s:9:"signature";s:40:"c8f00adb43065aa7e3527eaf55e1fb09741bd904";s:7:"echostr";s:19:"5892132446408255817";s:9:"timestamp";s:10:"1503109192";s:5:"nonce";s:10:"2502662329";}a:4:{s:9:"signature";s:40:"4873dcd455a7016206767f065f070f6e01273948";s:7:"echostr";s:20:"12011913588608838351";s:9:"timestamp";s:10:"1503109199";s:5:"nonce";s:10:"1397866046";}a:4:{s:9:"signature";s:40:"5b212e95bc9eac117d56e7bf0577df82a04d939c";s:7:"echostr";s:20:"12704133618631421038";s:9:"timestamp";s:10:"1503109224";s:5:"nonce";s:10:"2303548873";}a:4:{s:9:"signature";s:40:"2580fb345d31b8f0ce9d5325cadadc454280cb7f";s:7:"echostr";s:19:"9480994465435335022";s:9:"timestamp";s:10:"1503109230";s:5:"nonce";s:8:"95041990";}a:4:{s:9:"signature";s:40:"a96b4b121b8b1542cbedcae839e8459cb006b6f2";s:7:"echostr";s:20:"15015191383362747037";s:9:"timestamp";s:10:"1503109272";s:5:"nonce";s:10:"1197650178";}a:4:{s:9:"signature";s:40:"14671adf8194db31c501f99ec0c0efdfa6affbc1";s:7:"echostr";s:19:"1234010585297823231";s:9:"timestamp";s:10:"1503109273";s:5:"nonce";s:10:"1276414199";}a:4:{s:9:"signature";s:40:"860d80642bfd1e18013a8cae425dac3f16f68f54";s:7:"echostr";s:19:"7588215363857267450";s:9:"timestamp";s:10:"1503109274";s:5:"nonce";s:10:"1283332797";}a:4:{s:9:"signature";s:40:"8e095cf2419fd47a0d602b13635fd776eafd4a13";s:7:"echostr";s:20:"17603749208667979227";s:9:"timestamp";s:10:"1503109274";s:5:"nonce";s:9:"296192019";}a:4:{s:9:"signature";s:40:"172bdd3a76c1f47235214ec283d3f83404c57bd9";s:7:"echostr";s:19:"4848053671702294686";s:9:"timestamp";s:10:"1503109274";s:5:"nonce";s:10:"3824927184";}a:4:{s:9:"signature";s:40:"8259f4c1d98dec27194b5d0c000c6e0810d906db";s:7:"echostr";s:19:"2162664870758055323";s:9:"timestamp";s:10:"1503109274";s:5:"nonce";s:10:"2231617943";}a:4:{s:9:"signature";s:40:"05a8df7546de3884855f98b3cc29d0bc5a0f41d4";s:7:"echostr";s:20:"18226232755511862239";s:9:"timestamp";s:10:"1503109274";s:5:"nonce";s:9:"679880855";}a:4:{s:9:"signature";s:40:"9bcae06ab0924c1e9fd4d38a2c26b05153664c5d";s:7:"echostr";s:20:"14255869379504745145";s:9:"timestamp";s:10:"1503109297";s:5:"nonce";s:10:"4019390185";}a:4:{s:9:"signature";s:40:"7fa75e3b95733288467ea112b6f5d2e955dcbe5a";s:7:"echostr";s:20:"10583291263471582199";s:9:"timestamp";s:10:"1503109301";s:5:"nonce";s:10:"1382508993";}a:4:{s:9:"signature";s:40:"f60c3ff7edecc2435e960ecfb4560b6d4cd3c8f2";s:7:"echostr";s:18:"682649231632102079";s:9:"timestamp";s:10:"1503109305";s:5:"nonce";s:10:"1660278077";}a:4:{s:9:"signature";s:40:"02b28b782ae5c712e24b10f36cae7e458c9e364a";s:7:"echostr";s:20:"18036815434119881727";s:9:"timestamp";s:10:"1503109359";s:5:"nonce";s:10:"2733784638";}a:4:{s:9:"signature";s:40:"47bea0c6584ea40bd431e55576efb8e6418919dc";s:7:"echostr";s:18:"736356338923206127";s:9:"timestamp";s:10:"1503109359";s:5:"nonce";s:10:"2853662741";}a:4:{s:9:"signature";s:40:"77832fdc1fb84c606f78901960bd5df1bea86fe6";s:7:"echostr";s:20:"14769214975393653751";s:9:"timestamp";s:10:"1503109363";s:5:"nonce";s:6:"228096";}a:4:{s:9:"signature";s:40:"55c7488d425574c2ee7df1e2a6b8f1e64d4709c4";s:7:"echostr";s:19:"7428956980691058495";s:9:"timestamp";s:10:"1503109397";s:5:"nonce";s:10:"4236283615";}a:4:{s:9:"signature";s:40:"73f2e7c2636a1c87fd3ece74cc916f61abe580cc";s:7:"echostr";s:20:"11601525464962677758";s:9:"timestamp";s:10:"1503109614";s:5:"nonce";s:10:"3013504379";}哈哈

a:4:{s:9:"signature";s:40:"046ccf90bb7d60a61048707df036fbe83d1a6799";s:7:"echostr";s:20:"14124733015157894909";s:9:"timestamp";s:10:"1503109717";s:5:"nonce";s:9:"591594197";}哈哈

a:4:{s:9:"signature";s:40:"c4b31e2c51ddf4fd5e441b7fa8b447dabf631a24";s:7:"echostr";s:19:"4891392681902601215";s:9:"timestamp";s:10:"1503109803";s:5:"nonce";s:10:"1809516884";}知乎日报

a:4:{s:9:"signature";s:40:"d4c0b86b9f55d5950b5428fcabdf7391317d1e99";s:7:"echostr";s:20:"17961607284030678011";s:9:"timestamp";s:10:"1503109842";s:5:"nonce";s:10:"3949976358";}知乎日报

a:4:{s:9:"signature";s:40:"07dc5f57f72d9840d8bd6ad8cc4ef26ed2278598";s:7:"echostr";s:19:"6747493367765530110";s:9:"timestamp";s:10:"1503110450";s:5:"nonce";s:10:"1010428119";}知乎日报

zh

a:4:{s:9:"signature";s:40:"7c2c0c288b9200fc2eb0b6ccdcc2c3b486f87237";s:7:"echostr";s:18:"806997201530631863";s:9:"timestamp";s:10:"1503110711";s:5:"nonce";s:9:"984168094";}zh

知乎日报

a:4:{s:9:"signature";s:40:"8925c9529d67f7eb0b74bc03be906dd6e68391eb";s:7:"echostr";s:20:"16749911872269444700";s:9:"timestamp";s:10:"1503110744";s:5:"nonce";s:10:"3352762350";}知乎日报

a:4:{s:9:"signature";s:40:"62489653ae846c5b0373ff4a38698c7e580ddf70";s:7:"echostr";s:19:"7649101898310989822";s:9:"timestamp";s:10:"1503110830";s:5:"nonce";s:9:"153690066";}知乎日报

知乎日报

